0 info it worked if it ends with ok
1 verbose cli [ '/usr/local/Cellar/node/7.4.0/bin/node',
1 verbose cli   '/usr/local/bin/npm',
1 verbose cli   'run',
1 verbose cli   'build-dev' ]
2 info using npm@4.0.5
3 info using node@v7.4.0
4 verbose run-script [ 'prebuild-dev', 'build-dev', 'postbuild-dev' ]
5 info lifecycle spts@0.0.1~prebuild-dev: spts@0.0.1
6 silly lifecycle spts@0.0.1~prebuild-dev: no script for prebuild-dev, continuing
7 info lifecycle spts@0.0.1~build-dev: spts@0.0.1
8 verbose lifecycle spts@0.0.1~build-dev: unsafe-perm in lifecycle true
9 verbose lifecycle spts@0.0.1~build-dev: PATH: /usr/local/lib/node_modules/npm/bin/node-gyp-bin:/Users/fabioa/Development/projects/spts/node_modules/.bin:/usr/local/bin:/usr/bin:/bin:/usr/sbin:/sbin:/Library/Frameworks/Mono.framework/Versions/Current/Commands:/usr/local/munki:/usr/local/Cellar/ant/1.9.7/bin:/usr/local/Cellar/maven/3.3.9/bin:/Library/Java/JavaVirtualMachines/jdk1.7.0_80.jdk/Contents/Home/bin
10 verbose lifecycle spts@0.0.1~build-dev: CWD: /Users/fabioa/Development/projects/spts
11 silly lifecycle spts@0.0.1~build-dev: Args: [ '-c',
11 silly lifecycle   'webpack -d && cp src/index.html dist/index.html && webpack-dev-server --hot --inline --colors --progress --content-base src/' ]
12 silly lifecycle spts@0.0.1~build-dev: Returned: code: 2  signal: null
13 info lifecycle spts@0.0.1~build-dev: Failed to exec build-dev script
14 verbose stack Error: spts@0.0.1 build-dev: `webpack -d && cp src/index.html dist/index.html && webpack-dev-server --hot --inline --colors --progress --content-base src/`
14 verbose stack Exit status 2
14 verbose stack     at EventEmitter.<anonymous> (/usr/local/lib/node_modules/npm/lib/utils/lifecycle.js:279:16)
14 verbose stack     at emitTwo (events.js:106:13)
14 verbose stack     at EventEmitter.emit (events.js:191:7)
14 verbose stack     at ChildProcess.<anonymous> (/usr/local/lib/node_modules/npm/lib/utils/spawn.js:40:14)
14 verbose stack     at emitTwo (events.js:106:13)
14 verbose stack     at ChildProcess.emit (events.js:191:7)
14 verbose stack     at maybeClose (internal/child_process.js:885:16)
14 verbose stack     at Process.ChildProcess._handle.onexit (internal/child_process.js:226:5)
15 verbose pkgid spts@0.0.1
16 verbose cwd /Users/fabioa/Development/projects/spts
17 error Darwin 16.1.0
18 error argv "/usr/local/Cellar/node/7.4.0/bin/node" "/usr/local/bin/npm" "run" "build-dev"
19 error node v7.4.0
20 error npm  v4.0.5
21 error code ELIFECYCLE
22 error spts@0.0.1 build-dev: `webpack -d && cp src/index.html dist/index.html && webpack-dev-server --hot --inline --colors --progress --content-base src/`
22 error Exit status 2
23 error Failed at the spts@0.0.1 build-dev script 'webpack -d && cp src/index.html dist/index.html && webpack-dev-server --hot --inline --colors --progress --content-base src/'.
23 error Make sure you have the latest version of node.js and npm installed.
23 error If you do, this is most likely a problem with the spts package,
23 error not with npm itself.
23 error Tell the author that this fails on your system:
23 error     webpack -d && cp src/index.html dist/index.html && webpack-dev-server --hot --inline --colors --progress --content-base src/
23 error You can get information on how to open an issue for this project with:
23 error     npm bugs spts
23 error Or if that isn't available, you can get their info via:
23 error     npm owner ls spts
23 error There is likely additional logging output above.
24 verbose exit [ 1, true ]
